<?xml version="1.0" encoding="UTF-8"?>
<!-- Generated by org.testng.reporters.JUnitReportReporter -->
<testsuite skipped="0" hostname="Vinitas-Air.sthlm.int" name="com.API.tests.RestAPITest" tests="1" failures="0" timestamp="2022-05-02T16:47:22 CEST" time="5.077" errors="0">
  <testcase name="CreateUser" time="5.077" classname="com.API.tests.RestAPITest"/>
  <system-out/>
</testsuite> <!-- com.API.tests.RestAPITest -->
